TpTrace Verbose: 0 : 9748, 2, 2025/08/16, 12:04:04.121, 2232947386524, datacollector.dll, Version: 17.14.1-release-25302-01
TpTrace Information: 0 : 9748, 2, 2025/08/16, 12:04:04.125, 2232947424321, datacollector.dll, DataCollectorMain.Run: Starting data collector run with args: --port,58402,--parentprocessid,5520,--diag,C:\Users\Dani\Desktop\StorySpoiler\StorySpoiler\bin\Debug\net8.0\fine-code-coverage\coverage-tool-output\diagnostics.datacollector.25-08-16_12-04-04_01025_5.log,--tracelevel,4
TpTrace Information: 0 : 9748, 2, 2025/08/16, 12:04:04.125, 2232947425376, datacollector.dll, DataCollector: Monitoring parent process with id: '5520'
TpTrace Information: 0 : 9748, 2, 2025/08/16, 12:04:04.134, 2232947515987, datacollector.dll, Trying to connect to server on socket : 127.0.0.1:58402 
TpTrace Verbose: 0 : 9748, 2, 2025/08/16, 12:04:04.142, 2232947588131, datacollector.dll, SocketCommunicationManager : SetupClientAsync : Attempting to connect to the server.
TpTrace Information: 0 : 9748, 7, 2025/08/16, 12:04:04.150, 2232947667896, datacollector.dll, Connected to the server successfully 
TpTrace Information: 0 : 9748, 7, 2025/08/16, 12:04:04.150, 2232947668587, datacollector.dll, Using the buffer size of 16384 bytes
TpTrace Information: 0 : 9748, 2, 2025/08/16, 12:04:04.203, 2232948201451, datacollector.dll, DataCollector: Start Request Processing.
TpTrace Verbose: 0 : 9748, 2, 2025/08/16, 12:04:04.203, 2232948203355, datacollector.dll, SocketCommunicationManager.WaitForServerConnection took: 0 ms, with 90000 ms timeout, and finished with True.
TpTrace Information: 0 : 9748, 2, 2025/08/16, 12:04:04.203, 2232948205278, datacollector.dll, DataCollectionRequestHandler.ProcessRequests: Datacollector received message: (DataCollection.BeforeTestRunStart) -> {"MessageType":"DataCollection.BeforeTestRunStart","Payload":{"SettingsXml":"<RunSettings><RunConfiguration><ResultsDirectory>C:\\Users\\Dani\\Desktop\\StorySpoiler\\StorySpoiler\\bin\\Debug\\net8.0\\fine-code-coverage\\coverage-tool-output</ResultsDirectory><TargetPlatform>X64</TargetPlatform><TargetFrameworkVersion>.NETCoreApp,Version=v8.0</TargetFrameworkVersion><DesignMode>False</DesignMode><CollectSourceInformation>False</CollectSourceInformation><TestAdaptersPaths>C:\\Program Files\\dotnet\\sdk\\9.0.304\\Extensions</TestAdaptersPaths></RunConfiguration><LoggerRunSettings><Loggers><Logger friendlyName=\"blame\" enabled=\"True\" /><Logger friendlyName=\"Console\" uri=\"logger://microsoft/TestPlatform/ConsoleLogger/v1\" assemblyQualifiedName=\"Microsoft.VisualStudio.TestPlatform.CommandLine.Internal.ConsoleLogger, vstest.console, Version=15.0.0.0, Culture=neutral, PublicKeyToken=b03f5f7f11d50a3a\" codeBase=\"C:\\Program Files\\dotnet\\sdk\\9.0.304\\vstest.console.dll\" enabled=\"True\" /></Loggers></LoggerRunSettings><DataCollectionRunSettings><DataCollectors><DataCollector friendlyName=\"blame\" enabled=\"True\"><Configuration><ResultsDirectory>C:\\Users\\Dani\\Desktop\\StorySpoiler\\StorySpoiler\\bin\\Debug\\net8.0\\fine-code-coverage\\coverage-tool-output</ResultsDirectory></Configuration></DataCollector></DataCollectors></DataCollectionRunSettings></RunSettings>","Sources":["C:\\Users\\Dani\\Desktop\\StorySpoiler\\StorySpoiler\\bin\\Debug\\net8.0\\fine-code-coverage\\build-output\\StorySpoiler.dll"],"IsTelemetryOptedIn":false}}
TpTrace Verbose: 0 : 9748, 2, 2025/08/16, 12:04:04.239, 2232948564606, datacollector.dll, TestPluginCache: Update extensions started. Skip filter = False
TpTrace Verbose: 0 : 9748, 2, 2025/08/16, 12:04:04.240, 2232948572413, datacollector.dll, TestPluginCache: Using directories for assembly resolution 'C:\Program Files\dotnet\sdk\9.0.304\Extensions'.
TpTrace Verbose: 0 : 9748, 2, 2025/08/16, 12:04:04.240, 2232948573163, datacollector.dll, TestPluginCache: Updated the available extensions to 'C:\Program Files\dotnet\sdk\9.0.304\Extensions\Microsoft.TestPlatform.Extensions.BlameDataCollector.dll,C:\Program Files\dotnet\sdk\9.0.304\Extensions\Microsoft.TestPlatform.Extensions.EventLogCollector.dll'.
TpTrace Verbose: 0 : 9748, 2, 2025/08/16, 12:04:04.244, 2232948617365, datacollector.dll, TestPluginCache.DiscoverTestExtensions: finding test extensions in assemblies ends with: Collector.dll TPluginInfo: Microsoft.VisualStudio.TestPlatform.Common.DataCollector.DataCollectorConfig TExtension: Microsoft.VisualStudio.TestPlatform.ObjectModel.DataCollection.DataCollector
TpTrace Verbose: 0 : 9748, 2, 2025/08/16, 12:04:04.245, 2232948626566, datacollector.dll, TestPluginCache.GetExtensionPaths: Filtered extension paths: C:\Program Files\dotnet\sdk\9.0.304\Extensions\Microsoft.TestPlatform.Extensions.BlameDataCollector.dll
C:\Program Files\dotnet\sdk\9.0.304\Extensions\Microsoft.TestPlatform.Extensions.EventLogCollector.dll
TpTrace Verbose: 0 : 9748, 2, 2025/08/16, 12:04:04.245, 2232948627205, datacollector.dll, TestPluginCache.GetExtensionPaths: Added default extension paths: 
TpTrace Verbose: 0 : 9748, 2, 2025/08/16, 12:04:04.245, 2232948627387, datacollector.dll, TestPluginCache.GetExtensionPaths: Added unfilterableExtensionPaths: 
TpTrace Information: 0 : 9748, 2, 2025/08/16, 12:04:04.246, 2232948631682, datacollector.dll, AssemblyResolver.ctor: Creating AssemblyResolver with searchDirectories C:\Program Files\dotnet\sdk\9.0.304\Extensions,C:\Program Files\dotnet\sdk\9.0.304
TpTrace Verbose: 0 : 9748, 2, 2025/08/16, 12:04:04.247, 2232948644158, datacollector.dll, TestPluginCache.DiscoverTestExtensions: Discovering the extensions using extension path.
TpTrace Verbose: 0 : 9748, 2, 2025/08/16, 12:04:04.247, 2232948645392, datacollector.dll, TestPluginCache.GetExtensionPaths: Filtered extension paths: C:\Program Files\dotnet\sdk\9.0.304\Extensions\Microsoft.TestPlatform.Extensions.BlameDataCollector.dll
C:\Program Files\dotnet\sdk\9.0.304\Extensions\Microsoft.TestPlatform.Extensions.EventLogCollector.dll
TpTrace Verbose: 0 : 9748, 2, 2025/08/16, 12:04:04.247, 2232948645646, datacollector.dll, TestPluginCache.GetExtensionPaths: Added default extension paths: 
TpTrace Verbose: 0 : 9748, 2, 2025/08/16, 12:04:04.247, 2232948645824, datacollector.dll, TestPluginCache.GetExtensionPaths: Added unfilterableExtensionPaths: 
TpTrace Verbose: 0 : 9748, 2, 2025/08/16, 12:04:04.247, 2232948646140, datacollector.dll, TestPluginCache.DiscoverTestExtensions: Discovering the extensions using allExtensionPaths: C:\Program Files\dotnet\sdk\9.0.304\Extensions\Microsoft.TestPlatform.Extensions.BlameDataCollector.dll
C:\Program Files\dotnet\sdk\9.0.304\Extensions\Microsoft.TestPlatform.Extensions.EventLogCollector.dll
TpTrace Information: 0 : 9748, 2, 2025/08/16, 12:04:04.247, 2232948646842, datacollector.dll, AssemblyResolver.AddSearchDirectories: Adding more searchDirectories C:\Program Files\dotnet\sdk\9.0.304\Extensions,C:\Program Files\dotnet\sdk\9.0.304
TpTrace Information: 0 : 9748, 2, 2025/08/16, 12:04:04.247, 2232948647132, datacollector.dll, AssemblyResolver.AddSearchDirectories: Adding more searchDirectories C:\Program Files\dotnet\sdk\9.0.304\Extensions,C:\Program Files\dotnet\sdk\9.0.304
TpTrace Information: 0 : 9748, 2, 2025/08/16, 12:04:04.248, 2232948650670, datacollector.dll, AssemblyResolver.OnResolve: Microsoft.TestPlatform.Extensions.BlameDataCollector: Resolving assembly.
TpTrace Information: 0 : 9748, 2, 2025/08/16, 12:04:04.248, 2232948651380, datacollector.dll, AssemblyResolver.OnResolve: Microsoft.TestPlatform.Extensions.BlameDataCollector: Searching in: 'C:\Program Files\dotnet\sdk\9.0.304\Extensions'.
TpTrace Information: 0 : 9748, 2, 2025/08/16, 12:04:04.259, 2232948764127, datacollector.dll, AssemblyResolver.OnResolve: Microsoft.TestPlatform.Extensions.BlameDataCollector: Loading assembly 'C:\Program Files\dotnet\sdk\9.0.304\Extensions\Microsoft.TestPlatform.Extensions.BlameDataCollector.dll'.
TpTrace Information: 0 : 9748, 2, 2025/08/16, 12:04:04.260, 2232948772181, datacollector.dll, AssemblyResolver.OnResolve: Resolved assembly: Microsoft.TestPlatform.Extensions.BlameDataCollector, from path: C:\Program Files\dotnet\sdk\9.0.304\Extensions\Microsoft.TestPlatform.Extensions.BlameDataCollector.dll
TpTrace Verbose: 0 : 9748, 2, 2025/08/16, 12:04:04.261, 2232948778756, datacollector.dll, MetadataReaderExtensionsHelper: Discovering extensions inside assembly 'Microsoft.TestPlatform.Extensions.BlameDataCollector, Version=15.0.0.0, Culture=neutral, PublicKeyToken=b03f5f7f11d50a3a' file path 'C:\Program Files\dotnet\sdk\9.0.304\Extensions\Microsoft.TestPlatform.Extensions.BlameDataCollector.dll'
TpTrace Error: 0 : 9748, 2, 2025/08/16, 12:04:04.263, 2232948799082, datacollector.dll, The type "Microsoft.TestPlatform.Extensions.BlameDataCollector.BlameCollector" defined in "Microsoft.TestPlatform.Extensions.BlameDataCollector.dll" does not have ExtensionUri attribute.
TpTrace Information: 0 : 9748, 2, 2025/08/16, 12:04:04.265, 2232948826208, datacollector.dll, GetTestExtensionFromType: Register extension with identifier data 'datacollector://microsoft/TestPlatform/Extensions/Blame/v1' and type 'Microsoft.TestPlatform.Extensions.BlameDataCollector.BlameCollector, Microsoft.TestPlatform.Extensions.BlameDataCollector, Version=15.0.0.0, Culture=neutral, PublicKeyToken=b03f5f7f11d50a3a' inside file 'C:\Program Files\dotnet\sdk\9.0.304\Extensions\Microsoft.TestPlatform.Extensions.BlameDataCollector.dll'
TpTrace Information: 0 : 9748, 2, 2025/08/16, 12:04:04.265, 2232948827233, datacollector.dll, AssemblyResolver.OnResolve: Microsoft.TestPlatform.Extensions.EventLogCollector: Resolving assembly.
TpTrace Information: 0 : 9748, 2, 2025/08/16, 12:04:04.265, 2232948827653, datacollector.dll, AssemblyResolver.OnResolve: Microsoft.TestPlatform.Extensions.EventLogCollector: Searching in: 'C:\Program Files\dotnet\sdk\9.0.304\Extensions'.
TpTrace Information: 0 : 9748, 2, 2025/08/16, 12:04:04.266, 2232948833063, datacollector.dll, AssemblyResolver.OnResolve: Microsoft.TestPlatform.Extensions.EventLogCollector: Loading assembly 'C:\Program Files\dotnet\sdk\9.0.304\Extensions\Microsoft.TestPlatform.Extensions.EventLogCollector.dll'.
TpTrace Information: 0 : 9748, 2, 2025/08/16, 12:04:04.266, 2232948837258, datacollector.dll, AssemblyResolver.OnResolve: Resolved assembly: Microsoft.TestPlatform.Extensions.EventLogCollector, from path: C:\Program Files\dotnet\sdk\9.0.304\Extensions\Microsoft.TestPlatform.Extensions.EventLogCollector.dll
TpTrace Verbose: 0 : 9748, 2, 2025/08/16, 12:04:04.267, 2232948838023, datacollector.dll, MetadataReaderExtensionsHelper: Discovering extensions inside assembly 'Microsoft.TestPlatform.Extensions.EventLogCollector, Version=15.0.0.0, Culture=neutral, PublicKeyToken=b03f5f7f11d50a3a' file path 'C:\Program Files\dotnet\sdk\9.0.304\Extensions\Microsoft.TestPlatform.Extensions.EventLogCollector.dll'
TpTrace Error: 0 : 9748, 2, 2025/08/16, 12:04:04.268, 2232948857158, datacollector.dll, The type "Microsoft.TestPlatform.Extensions.EventLogCollector.EventLogDataCollector" defined in "Microsoft.TestPlatform.Extensions.EventLogCollector.dll" does not have ExtensionUri attribute.
TpTrace Information: 0 : 9748, 2, 2025/08/16, 12:04:04.269, 2232948859702, datacollector.dll, GetTestExtensionFromType: Register extension with identifier data 'datacollector://microsoft/EventLog/2.0' and type 'Microsoft.TestPlatform.Extensions.EventLogCollector.EventLogDataCollector, Microsoft.TestPlatform.Extensions.EventLogCollector, Version=15.0.0.0, Culture=neutral, PublicKeyToken=b03f5f7f11d50a3a' inside file 'C:\Program Files\dotnet\sdk\9.0.304\Extensions\Microsoft.TestPlatform.Extensions.EventLogCollector.dll'
TpTrace Verbose: 0 : 9748, 2, 2025/08/16, 12:04:04.269, 2232948861479, datacollector.dll, TestPluginCache: Discovered the extensions using extension path 'C:\Program Files\dotnet\sdk\9.0.304\Extensions\Microsoft.TestPlatform.Extensions.BlameDataCollector.dll,C:\Program Files\dotnet\sdk\9.0.304\Extensions\Microsoft.TestPlatform.Extensions.EventLogCollector.dll'.
TpTrace Verbose: 0 : 9748, 2, 2025/08/16, 12:04:04.269, 2232948861804, datacollector.dll, TestPluginCache: Discoverers are ''.
TpTrace Verbose: 0 : 9748, 2, 2025/08/16, 12:04:04.269, 2232948861960, datacollector.dll, TestPluginCache: Executors are ''.
TpTrace Verbose: 0 : 9748, 2, 2025/08/16, 12:04:04.269, 2232948862097, datacollector.dll, TestPluginCache: Executors2 are ''.
TpTrace Verbose: 0 : 9748, 2, 2025/08/16, 12:04:04.269, 2232948862267, datacollector.dll, TestPluginCache: Setting providers are ''.
TpTrace Verbose: 0 : 9748, 2, 2025/08/16, 12:04:04.269, 2232948862532, datacollector.dll, TestPluginCache: Loggers are ''.
TpTrace Verbose: 0 : 9748, 2, 2025/08/16, 12:04:04.269, 2232948862736, datacollector.dll, TestPluginCache: TestHosts are ''.
TpTrace Verbose: 0 : 9748, 2, 2025/08/16, 12:04:04.269, 2232948864013, datacollector.dll, TestPluginCache: DataCollectors are 'datacollector://microsoft/TestPlatform/Extensions/Blame/v1,datacollector://microsoft/EventLog/2.0'.
TpTrace Information: 0 : 9748, 2, 2025/08/16, 12:04:04.271, 2232948882298, datacollector.dll, TestPluginManager.CreateTestExtension: Attempting to load test extension: Microsoft.TestPlatform.Extensions.BlameDataCollector.BlameCollector
TpTrace Information: 0 : 9748, 2, 2025/08/16, 12:04:04.273, 2232948906642, datacollector.dll, [MonitorPostmortemDump]Monitor enabled: 'False'
TpTrace Verbose: 0 : 9748, 2, 2025/08/16, 12:04:04.274, 2232948912065, datacollector.dll, MulticastDelegateUtilities.SafeInvoke: DataCollectionEvents.SessionStart: Invoking callbacks was skipped because there are no subscribers.
TpTrace Information: 0 : 9748, 2, 2025/08/16, 12:04:04.275, 2232948919200, datacollector.dll, Listening on Endpoint : 127.0.0.1:58404
TpTrace Information: 0 : 9748, 2, 2025/08/16, 12:04:04.280, 2232948974537, datacollector.dll, DataCollectionRequestHandler.ProcessRequests : DataCollection started.
TpTrace Information: 0 : 9748, 2, 2025/08/16, 12:04:04.293, 2232949100085, datacollector.dll, DataCollectionRequestHandler.ProcessRequests: Datacollector received message: (DataCollection.TestHostLaunched) -> {"MessageType":"DataCollection.TestHostLaunched","Payload":{"ProcessId":7144}}
TpTrace Verbose: 0 : 9748, 2, 2025/08/16, 12:04:04.294, 2232949116575, datacollector.dll, MulticastDelegateUtilities.SafeInvoke: DataCollectionEvents.TestHostLaunched: Invoking callback 1/1 for Microsoft.TestPlatform.Extensions.BlameDataCollector.BlameCollector., took 0 ms.
TpTrace Information: 0 : 9748, 9, 2025/08/16, 12:04:04.472, 2232950889154, datacollector.dll, Using the buffer size of 16384 bytes
TpTrace Information: 0 : 9748, 9, 2025/08/16, 12:04:04.472, 2232950890138, datacollector.dll, Accepted Client request and set the flag
TpTrace Verbose: 0 : 9748, 7, 2025/08/16, 12:04:04.472, 2232950890125, datacollector.dll, SocketCommunicationManager.WaitForClientConnection took: 193 ms, with 90000 ms timeout, and finished with True.
TpTrace Information: 0 : 9748, 7, 2025/08/16, 12:04:06.244, 2232968616197, datacollector.dll, DataCollectionTestCaseEventHandler: Test case starting.
TpTrace Information: 0 : 9748, 7, 2025/08/16, 12:04:06.252, 2232968691600, datacollector.dll, BlameCollector.EventsTestCaseStart: Test Case Start
TpTrace Verbose: 0 : 9748, 7, 2025/08/16, 12:04:06.252, 2232968692949, datacollector.dll, MulticastDelegateUtilities.SafeInvoke: DataCollectionEvents.TestCaseStart: Invoking callback 1/1 for Microsoft.TestPlatform.Extensions.BlameDataCollector.BlameCollector., took 0 ms.
TpTrace Information: 0 : 9748, 7, 2025/08/16, 12:04:06.252, 2232968694921, datacollector.dll, DataCollectionTestCaseEventHandler: Test case 'CreateStory_ShouldReturnCreated - 7a821795-eb39-ffd0-b6b4-ef852c4f65d7' started.
TpTrace Information: 0 : 9748, 7, 2025/08/16, 12:04:06.380, 2232969970862, datacollector.dll, DataCollectionTestCaseEventHandler: Test case completing.
TpTrace Information: 0 : 9748, 7, 2025/08/16, 12:04:06.382, 2232969996667, datacollector.dll, BlameCollector.EventsTestCaseEnd: Test Case End
TpTrace Verbose: 0 : 9748, 7, 2025/08/16, 12:04:06.383, 2232969998751, datacollector.dll, MulticastDelegateUtilities.SafeInvoke: DataCollectionEvents.TestCaseEnd: Invoking callback 1/1 for Microsoft.TestPlatform.Extensions.BlameDataCollector.BlameCollector., took 0 ms.
TpTrace Information: 0 : 9748, 7, 2025/08/16, 12:04:06.384, 2232970009858, datacollector.dll, DataCollectionTestCaseEventHandler: Test case 'CreateStory_ShouldReturnCreated - 7a821795-eb39-ffd0-b6b4-ef852c4f65d7' completed
TpTrace Information: 0 : 9748, 7, 2025/08/16, 12:04:06.389, 2232970065528, datacollector.dll, DataCollectionTestCaseEventHandler: Test case starting.
TpTrace Information: 0 : 9748, 7, 2025/08/16, 12:04:06.390, 2232970072693, datacollector.dll, BlameCollector.EventsTestCaseStart: Test Case Start
TpTrace Verbose: 0 : 9748, 7, 2025/08/16, 12:04:06.390, 2232970073477, datacollector.dll, MulticastDelegateUtilities.SafeInvoke: DataCollectionEvents.TestCaseStart: Invoking callback 1/1 for Microsoft.TestPlatform.Extensions.BlameDataCollector.BlameCollector., took 0 ms.
TpTrace Information: 0 : 9748, 7, 2025/08/16, 12:04:06.390, 2232970075516, datacollector.dll, DataCollectionTestCaseEventHandler: Test case 'EditStory_ShouldReturnOk - 4239d3a1-58a5-93f9-cdff-3da77b8cfb13' started.
