TpTrace Verbose: 0 : 7144, 1, 2025/08/16, 12:04:04.438, 2232950557082, testhost.dll, Version: 17.8.0 Current process architecture: X64
TpTrace Verbose: 0 : 7144, 1, 2025/08/16, 12:04:04.443, 2232950606401, testhost.dll, Runtime location: C:\Program Files\dotnet\shared\Microsoft.NETCore.App\8.0.19
TpTrace Information: 0 : 7144, 1, 2025/08/16, 12:04:04.446, 2232950632059, testhost.dll, DefaultEngineInvoker.Invoke: Testhost process started with args :[--port, 58405],[--endpoint, 127.0.0.1:058405],[--role, client],[--parentprocessid, 5520],[--diag, C:\Users\Dani\Desktop\StorySpoiler\StorySpoiler\bin\Debug\net8.0\fine-code-coverage\coverage-tool-output\diagnostics.host.25-08-16_12-04-04_28542_5.log],[--tracelevel, 4],[--datacollectionport, 58404],[--telemetryoptedin, false]
TpTrace Information: 0 : 7144, 1, 2025/08/16, 12:04:04.446, 2232950636038, testhost.dll, Setting up debug trace listener.
TpTrace Verbose: 0 : 7144, 1, 2025/08/16, 12:04:04.446, 2232950637169, testhost.dll, TestPlatformTraceListener.Setup: Replacing listener System.Diagnostics.DefaultTraceListener with TestHostTraceListener.
TpTrace Verbose: 0 : 7144, 1, 2025/08/16, 12:04:04.446, 2232950637753, testhost.dll, TestPlatformTraceListener.Setup: Added test platform trace listener.
TpTrace Information: 0 : 7144, 1, 2025/08/16, 12:04:04.447, 2232950639549, testhost.dll, DefaultEngineInvoker.SetParentProcessExitCallback: Monitoring parent process with id: '5520'
TpTrace Information: 0 : 7144, 1, 2025/08/16, 12:04:04.450, 2232950669134, testhost.dll, DefaultEngineInvoker.GetConnectionInfo: Initialize communication on endpoint address: '127.0.0.1:058405'
TpTrace Information: 0 : 7144, 1, 2025/08/16, 12:04:04.460, 2232950769084, testhost.dll, SocketClient.Start: connecting to server endpoint: 127.0.0.1:058405
TpTrace Information: 0 : 7144, 10, 2025/08/16, 12:04:04.466, 2232950832847, testhost.dll, SocketClient.OnServerConnected: connected to server endpoint: 127.0.0.1:058405
TpTrace Information: 0 : 7144, 1, 2025/08/16, 12:04:04.468, 2232950851287, testhost.dll, DefaultEngineInvoker.ConnectToDatacollector: Connecting to datacollector, port: 58404
TpTrace Verbose: 0 : 7144, 10, 2025/08/16, 12:04:04.468, 2232950856760, testhost.dll, MulticastDelegateUtilities.SafeInvoke: SocketClient: ServerConnected: Invoking callback 1/1 for Microsoft.VisualStudio.TestPlatform.CommunicationUtilities.TestRequestHandler., took 0 ms.
TpTrace Verbose: 0 : 7144, 10, 2025/08/16, 12:04:04.468, 2232950857524, testhost.dll, Connected to server, and starting MessageLoopAsync
TpTrace Information: 0 : 7144, 1, 2025/08/16, 12:04:04.469, 2232950859582, testhost.dll, Trying to connect to server on socket : 127.0.0.1:58404 
TpTrace Verbose: 0 : 7144, 1, 2025/08/16, 12:04:04.469, 2232950861932, testhost.dll, SocketCommunicationManager : SetupClientAsync : Attempting to connect to the server.
TpTrace Information: 0 : 7144, 8, 2025/08/16, 12:04:04.472, 2232950890811, testhost.dll, Connected to the server successfully 
TpTrace Information: 0 : 7144, 8, 2025/08/16, 12:04:04.472, 2232950891926, testhost.dll, Using the buffer size of 16384 bytes
TpTrace Verbose: 0 : 7144, 1, 2025/08/16, 12:04:04.472, 2232950893057, testhost.dll, SocketCommunicationManager.WaitForServerConnection took: 0 ms, with 90000 ms timeout, and finished with True.
TpTrace Information: 0 : 7144, 1, 2025/08/16, 12:04:04.472, 2232950894757, testhost.dll, DefaultEngineInvoker.Invoke: Start Request Processing.
TpTrace Information: 0 : 7144, 12, 2025/08/16, 12:04:04.473, 2232950904241, testhost.dll, DefaultEngineInvoker.StartProcessingAsync: Connected to vstest.console, Starting process requests.
TpTrace Verbose: 0 : 7144, 10, 2025/08/16, 12:04:04.475, 2232950920468, testhost.dll, TcpClientExtensions.MessageLoopAsync: Polling on remoteEndPoint: [::ffff:127.0.0.1]:58405 localEndPoint: [::ffff:127.0.0.1]:58407
TpTrace Verbose: 0 : 7144, 10, 2025/08/16, 12:04:04.475, 2232950921342, testhost.dll, TcpClientExtensions.MessageLoopAsync: NotifyDataAvailable remoteEndPoint: [::ffff:127.0.0.1]:58405 localEndPoint: [::ffff:127.0.0.1]:58407
TpTrace Information: 0 : 7144, 10, 2025/08/16, 12:04:04.477, 2232950944766, testhost.dll, TestRequestHandler.OnMessageReceived: received message: (ProtocolVersion) -> {"MessageType":"ProtocolVersion","Payload":7}
TpTrace Verbose: 0 : 7144, 10, 2025/08/16, 12:04:04.559, 2232951765946, testhost.dll, TestRequestHandler.SendData: sending data from testhost: {"Version":7,"MessageType":"TestSession.Message","Payload":{"MessageLevel":0,"Message":"Logging TestHost Diagnostics in file: C:\\Users\\Dani\\Desktop\\StorySpoiler\\StorySpoiler\\bin\\Debug\\net8.0\\fine-code-coverage\\coverage-tool-output\\diagnostics.host.25-08-16_12-04-04_28542_5.log"}}
TpTrace Verbose: 0 : 7144, 10, 2025/08/16, 12:04:04.560, 2232951768217, testhost.dll, MulticastDelegateUtilities.SafeInvoke: LengthPrefixCommunicationChannel: MessageReceived: Invoking callback 1/1 for Microsoft.VisualStudio.TestPlatform.CommunicationUtilities.TestRequestHandler., took 84 ms.
TpTrace Verbose: 0 : 7144, 10, 2025/08/16, 12:04:04.560, 2232951768736, testhost.dll, TcpClientExtensions.MessageLoopAsync: Polling on remoteEndPoint: [::ffff:127.0.0.1]:58405 localEndPoint: [::ffff:127.0.0.1]:58407
TpTrace Verbose: 0 : 7144, 10, 2025/08/16, 12:04:04.560, 2232951769105, testhost.dll, TcpClientExtensions.MessageLoopAsync: NotifyDataAvailable remoteEndPoint: [::ffff:127.0.0.1]:58405 localEndPoint: [::ffff:127.0.0.1]:58407
TpTrace Information: 0 : 7144, 10, 2025/08/16, 12:04:04.560, 2232951771813, testhost.dll, TestRequestHandler.OnMessageReceived: received message: (TestExecution.Initialize) -> {"Version":7,"MessageType":"TestExecution.Initialize","Payload":["C:\\Users\\Dani\\Desktop\\StorySpoiler\\StorySpoiler\\bin\\Debug\\net8.0\\fine-code-coverage\\build-output\\NUnit3.TestAdapter.dll"]}
TpTrace Verbose: 0 : 7144, 10, 2025/08/16, 12:04:04.566, 2232951835084, testhost.dll, MulticastDelegateUtilities.SafeInvoke: LengthPrefixCommunicationChannel: MessageReceived: Invoking callback 1/1 for Microsoft.VisualStudio.TestPlatform.CommunicationUtilities.TestRequestHandler., took 6 ms.
TpTrace Verbose: 0 : 7144, 10, 2025/08/16, 12:04:04.566, 2232951835969, testhost.dll, TcpClientExtensions.MessageLoopAsync: Polling on remoteEndPoint: [::ffff:127.0.0.1]:58405 localEndPoint: [::ffff:127.0.0.1]:58407
TpTrace Verbose: 0 : 7144, 10, 2025/08/16, 12:04:04.566, 2232951836299, testhost.dll, TcpClientExtensions.MessageLoopAsync: NotifyDataAvailable remoteEndPoint: [::ffff:127.0.0.1]:58405 localEndPoint: [::ffff:127.0.0.1]:58407
TpTrace Information: 0 : 7144, 10, 2025/08/16, 12:04:04.566, 2232951837018, testhost.dll, TestRequestHandler.OnMessageReceived: received message: (TestExecution.StartWithSources) -> {"Version":7,"MessageType":"TestExecution.StartWithSources","Payload":{"AdapterSourceMap":{"_none_":["C:\\Users\\Dani\\Desktop\\StorySpoiler\\StorySpoiler\\bin\\Debug\\net8.0\\fine-code-coverage\\build-output\\StorySpoiler.dll"]},"RunSettings":"<RunSettings>\r\n  <RunConfiguration>\r\n    <ResultsDirectory>C:\\Users\\Dani\\Desktop\\StorySpoiler\\StorySpoiler\\bin\\Debug\\net8.0\\fine-code-coverage\\coverage-tool-output</ResultsDirectory>\r\n    <TargetFrameworkVersion>.NETCoreApp,Version=v8.0</TargetFrameworkVersion>\r\n    <DesignMode>False</DesignMode>\r\n    <CollectSourceInformation>False</CollectSourceInformation>\r\n  </RunConfiguration>\r\n  <LoggerRunSettings>\r\n    <Loggers>\r\n      <Logger friendlyName=\"blame\" enabled=\"True\" />\r\n      <Logger friendlyName=\"Console\" uri=\"logger://microsoft/TestPlatform/ConsoleLogger/v1\" assemblyQualifiedName=\"Microsoft.VisualStudio.TestPlatform.CommandLine.Internal.ConsoleLogger, vstest.console, Version=15.0.0.0, Culture=neutral, PublicKeyToken=b03f5f7f11d50a3a\" codeBase=\"C:\\Program Files\\dotnet\\sdk\\9.0.304\\vstest.console.dll\" enabled=\"True\" />\r\n    </Loggers>\r\n  </LoggerRunSettings>\r\n  <DataCollectionRunSettings>\r\n    <DataCollectors>\r\n      <DataCollector friendlyName=\"blame\" enabled=\"True\">\r\n        <Configuration>\r\n          <ResultsDirectory>C:\\Users\\Dani\\Desktop\\StorySpoiler\\StorySpoiler\\bin\\Debug\\net8.0\\fine-code-coverage\\coverage-tool-output</ResultsDirectory>\r\n        </Configuration>\r\n      </DataCollector>\r\n    </DataCollectors>\r\n  </DataCollectionRunSettings>\r\n</RunSettings>","TestExecutionContext":{"FrequencyOfRunStatsChangeEvent":10,"RunStatsChangeEventTimeout":"00:00:01.5000000","InIsolation":false,"KeepAlive":false,"AreTestCaseLevelEventsRequired":false,"IsDebug":false,"TestCaseFilter":null,"FilterOptions":null},"Package":null}}
TpTrace Information: 0 : 7144, 4, 2025/08/16, 12:04:04.567, 2232951839505, testhost.dll, TestRequestHandler.OnMessageReceived: Running job 'TestExecution.Initialize'.
TpTrace Verbose: 0 : 7144, 4, 2025/08/16, 12:04:04.568, 2232951855126, testhost.dll, TestExecutorService: Loading the extensions
TpTrace Verbose: 0 : 7144, 4, 2025/08/16, 12:04:04.569, 2232951865794, testhost.dll, TestPluginCache.DiscoverTestExtensions: finding test extensions in assemblies ends with: TestAdapter.dll TPluginInfo: Microsoft.VisualStudio.TestPlatform.Common.ExtensionFramework.Utilities.TestExecutorPluginInformation TExtension: Microsoft.VisualStudio.TestPlatform.ObjectModel.Adapter.ITestExecutor
TpTrace Verbose: 0 : 7144, 4, 2025/08/16, 12:04:04.570, 2232951874335, testhost.dll, TestPluginCache.GetExtensionPaths: Filtered extension paths: 
TpTrace Verbose: 0 : 7144, 4, 2025/08/16, 12:04:04.570, 2232951877121, testhost.dll, TestPluginCache.GetExtensionPaths: Added default extension paths: C:\Users\Dani\Desktop\StorySpoiler\StorySpoiler\bin\Debug\net8.0\fine-code-coverage\build-output\NUnit3.TestAdapter.dll
TpTrace Verbose: 0 : 7144, 4, 2025/08/16, 12:04:04.570, 2232951877431, testhost.dll, TestPluginCache.GetExtensionPaths: Added unfilterableExtensionPaths: 
TpTrace Information: 0 : 7144, 4, 2025/08/16, 12:04:04.571, 2232951887319, testhost.dll, AssemblyResolver.ctor: Creating AssemblyResolver with searchDirectories C:\Users\Dani\Desktop\StorySpoiler\StorySpoiler\bin\Debug\net8.0\fine-code-coverage\build-output
TpTrace Verbose: 0 : 7144, 4, 2025/08/16, 12:04:04.572, 2232951895279, testhost.dll, TestPluginCache.DiscoverTestExtensions: Discovering the extensions using extension path.
TpTrace Verbose: 0 : 7144, 4, 2025/08/16, 12:04:04.572, 2232951896270, testhost.dll, TestPluginCache.GetExtensionPaths: Filtered extension paths: 
TpTrace Verbose: 0 : 7144, 4, 2025/08/16, 12:04:04.572, 2232951896495, testhost.dll, TestPluginCache.GetExtensionPaths: Added default extension paths: C:\Users\Dani\Desktop\StorySpoiler\StorySpoiler\bin\Debug\net8.0\fine-code-coverage\build-output\NUnit3.TestAdapter.dll
TpTrace Verbose: 0 : 7144, 4, 2025/08/16, 12:04:04.572, 2232951896743, testhost.dll, TestPluginCache.GetExtensionPaths: Added unfilterableExtensionPaths: 
TpTrace Verbose: 0 : 7144, 4, 2025/08/16, 12:04:04.572, 2232951897232, testhost.dll, TestPluginCache.DiscoverTestExtensions: Discovering the extensions using allExtensionPaths: C:\Users\Dani\Desktop\StorySpoiler\StorySpoiler\bin\Debug\net8.0\fine-code-coverage\build-output\NUnit3.TestAdapter.dll
TpTrace Information: 0 : 7144, 4, 2025/08/16, 12:04:04.573, 2232951901586, testhost.dll, AssemblyResolver.AddSearchDirectories: Adding more searchDirectories C:\Users\Dani\Desktop\StorySpoiler\StorySpoiler\bin\Debug\net8.0\fine-code-coverage\build-output
TpTrace Information: 0 : 7144, 4, 2025/08/16, 12:04:04.575, 2232951918425, testhost.dll, AssemblyResolver.OnResolve: NUnit3.TestAdapter: Resolving assembly.
TpTrace Information: 0 : 7144, 4, 2025/08/16, 12:04:04.575, 2232951919141, testhost.dll, AssemblyResolver.OnResolve: NUnit3.TestAdapter: Searching in: 'C:\Users\Dani\Desktop\StorySpoiler\StorySpoiler\bin\Debug\net8.0\fine-code-coverage\build-output'.
TpTrace Information: 0 : 7144, 4, 2025/08/16, 12:04:04.580, 2232951976465, testhost.dll, AssemblyResolver.OnResolve: NUnit3.TestAdapter: Loading assembly 'C:\Users\Dani\Desktop\StorySpoiler\StorySpoiler\bin\Debug\net8.0\fine-code-coverage\build-output\NUnit3.TestAdapter.dll'.
TpTrace Information: 0 : 7144, 4, 2025/08/16, 12:04:04.581, 2232951985609, testhost.dll, AssemblyResolver.OnResolve: Resolved assembly: NUnit3.TestAdapter, from path: C:\Users\Dani\Desktop\StorySpoiler\StorySpoiler\bin\Debug\net8.0\fine-code-coverage\build-output\NUnit3.TestAdapter.dll
TpTrace Verbose: 0 : 7144, 10, 2025/08/16, 12:04:04.584, 2232952015206, testhost.dll, MulticastDelegateUtilities.SafeInvoke: LengthPrefixCommunicationChannel: MessageReceived: Invoking callback 1/1 for Microsoft.VisualStudio.TestPlatform.CommunicationUtilities.TestRequestHandler., took 17 ms.
TpTrace Verbose: 0 : 7144, 10, 2025/08/16, 12:04:04.584, 2232952016330, testhost.dll, TcpClientExtensions.MessageLoopAsync: Polling on remoteEndPoint: [::ffff:127.0.0.1]:58405 localEndPoint: [::ffff:127.0.0.1]:58407
TpTrace Verbose: 0 : 7144, 4, 2025/08/16, 12:04:04.594, 2232952115299, testhost.dll, MetadataReaderExtensionsHelper: Discovering extensions inside assembly 'NUnit3.TestAdapter, Version=4.5.0.0, Culture=neutral, PublicKeyToken=4cb40d35494691ac' file path 'C:\Users\Dani\Desktop\StorySpoiler\StorySpoiler\bin\Debug\net8.0\fine-code-coverage\build-output\NUnit3.TestAdapter.dll'
TpTrace Information: 0 : 7144, 4, 2025/08/16, 12:04:04.596, 2232952133497, testhost.dll, AssemblyResolver.OnResolve: nunit.engine.api: Resolving assembly.
TpTrace Information: 0 : 7144, 4, 2025/08/16, 12:04:04.596, 2232952134287, testhost.dll, AssemblyResolver.OnResolve: nunit.engine.api: Searching in: 'C:\Users\Dani\Desktop\StorySpoiler\StorySpoiler\bin\Debug\net8.0\fine-code-coverage\build-output'.
TpTrace Information: 0 : 7144, 4, 2025/08/16, 12:04:04.596, 2232952136936, testhost.dll, AssemblyResolver.OnResolve: nunit.engine.api: Loading assembly 'C:\Users\Dani\Desktop\StorySpoiler\StorySpoiler\bin\Debug\net8.0\fine-code-coverage\build-output\nunit.engine.api.dll'.
TpTrace Information: 0 : 7144, 4, 2025/08/16, 12:04:04.597, 2232952139802, testhost.dll, AssemblyResolver.OnResolve: Resolved assembly: nunit.engine.api, from path: C:\Users\Dani\Desktop\StorySpoiler\StorySpoiler\bin\Debug\net8.0\fine-code-coverage\build-output\nunit.engine.api.dll
TpTrace Information: 0 : 7144, 4, 2025/08/16, 12:04:04.599, 2232952162238, testhost.dll, GetTestExtensionFromType: Register extension with identifier data 'executor://NUnit3TestExecutor' and type 'NUnit.VisualStudio.TestAdapter.NUnit3TestExecutor, NUnit3.TestAdapter, Version=4.5.0.0, Culture=neutral, PublicKeyToken=4cb40d35494691ac' inside file 'C:\Users\Dani\Desktop\StorySpoiler\StorySpoiler\bin\Debug\net8.0\fine-code-coverage\build-output\NUnit3.TestAdapter.dll'
TpTrace Verbose: 0 : 7144, 4, 2025/08/16, 12:04:04.600, 2232952174868, testhost.dll, TestPluginCache: Discovered the extensions using extension path ''.
TpTrace Verbose: 0 : 7144, 4, 2025/08/16, 12:04:04.601, 2232952178388, testhost.dll, TestPluginCache: Discoverers are ''.
TpTrace Verbose: 0 : 7144, 4, 2025/08/16, 12:04:04.601, 2232952178996, testhost.dll, TestPluginCache: Executors are 'executor://NUnit3TestExecutor'.
TpTrace Verbose: 0 : 7144, 4, 2025/08/16, 12:04:04.601, 2232952179350, testhost.dll, TestPluginCache: Executors2 are ''.
TpTrace Verbose: 0 : 7144, 4, 2025/08/16, 12:04:04.601, 2232952179593, testhost.dll, TestPluginCache: Setting providers are ''.
TpTrace Verbose: 0 : 7144, 4, 2025/08/16, 12:04:04.601, 2232952179815, testhost.dll, TestPluginCache: Loggers are ''.
TpTrace Verbose: 0 : 7144, 4, 2025/08/16, 12:04:04.601, 2232952180029, testhost.dll, TestPluginCache: TestHosts are ''.
TpTrace Verbose: 0 : 7144, 4, 2025/08/16, 12:04:04.601, 2232952180232, testhost.dll, TestPluginCache: DataCollectors are ''.
TpTrace Verbose: 0 : 7144, 4, 2025/08/16, 12:04:04.602, 2232952193930, testhost.dll, TestPluginCache.DiscoverTestExtensions: finding test extensions in assemblies ends with: TestAdapter.dll TPluginInfo: Microsoft.VisualStudio.TestPlatform.Common.ExtensionFramework.Utilities.TestExecutorPluginInformation2 TExtension: Microsoft.VisualStudio.TestPlatform.ObjectModel.Adapter.ITestExecutor2
TpTrace Verbose: 0 : 7144, 4, 2025/08/16, 12:04:04.602, 2232952195612, testhost.dll, TestPluginCache.GetExtensionPaths: Filtered extension paths: 
TpTrace Verbose: 0 : 7144, 4, 2025/08/16, 12:04:04.602, 2232952195957, testhost.dll, TestPluginCache.GetExtensionPaths: Added default extension paths: C:\Users\Dani\Desktop\StorySpoiler\StorySpoiler\bin\Debug\net8.0\fine-code-coverage\build-output\NUnit3.TestAdapter.dll
TpTrace Verbose: 0 : 7144, 4, 2025/08/16, 12:04:04.602, 2232952196655, testhost.dll, TestPluginCache.GetExtensionPaths: Added unfilterableExtensionPaths: 
TpTrace Information: 0 : 7144, 4, 2025/08/16, 12:04:04.603, 2232952197959, testhost.dll, AssemblyResolver.AddSearchDirectories: Adding more searchDirectories C:\Users\Dani\Desktop\StorySpoiler\StorySpoiler\bin\Debug\net8.0\fine-code-coverage\build-output
TpTrace Verbose: 0 : 7144, 4, 2025/08/16, 12:04:04.603, 2232952198248, testhost.dll, TestPluginCache.DiscoverTestExtensions: Discovering the extensions using extension path.
TpTrace Verbose: 0 : 7144, 4, 2025/08/16, 12:04:04.603, 2232952198408, testhost.dll, TestPluginCache.GetExtensionPaths: Filtered extension paths: 
TpTrace Verbose: 0 : 7144, 4, 2025/08/16, 12:04:04.603, 2232952198547, testhost.dll, TestPluginCache.GetExtensionPaths: Added default extension paths: C:\Users\Dani\Desktop\StorySpoiler\StorySpoiler\bin\Debug\net8.0\fine-code-coverage\build-output\NUnit3.TestAdapter.dll
TpTrace Verbose: 0 : 7144, 4, 2025/08/16, 12:04:04.603, 2232952198714, testhost.dll, TestPluginCache.GetExtensionPaths: Added unfilterableExtensionPaths: 
TpTrace Verbose: 0 : 7144, 4, 2025/08/16, 12:04:04.603, 2232952198865, testhost.dll, TestPluginCache.DiscoverTestExtensions: Discovering the extensions using allExtensionPaths: C:\Users\Dani\Desktop\StorySpoiler\StorySpoiler\bin\Debug\net8.0\fine-code-coverage\build-output\NUnit3.TestAdapter.dll
TpTrace Information: 0 : 7144, 4, 2025/08/16, 12:04:04.603, 2232952199113, testhost.dll, AssemblyResolver.AddSearchDirectories: Adding more searchDirectories C:\Users\Dani\Desktop\StorySpoiler\StorySpoiler\bin\Debug\net8.0\fine-code-coverage\build-output
TpTrace Verbose: 0 : 7144, 4, 2025/08/16, 12:04:04.603, 2232952199481, testhost.dll, MetadataReaderExtensionsHelper: Discovering extensions inside assembly 'NUnit3.TestAdapter, Version=4.5.0.0, Culture=neutral, PublicKeyToken=4cb40d35494691ac' file path 'C:\Users\Dani\Desktop\StorySpoiler\StorySpoiler\bin\Debug\net8.0\fine-code-coverage\build-output\NUnit3.TestAdapter.dll'
TpTrace Verbose: 0 : 7144, 4, 2025/08/16, 12:04:04.603, 2232952205783, testhost.dll, TestPluginCache: Discovered the extensions using extension path ''.
TpTrace Verbose: 0 : 7144, 4, 2025/08/16, 12:04:04.603, 2232952206251, testhost.dll, TestPluginCache: Discoverers are ''.
TpTrace Verbose: 0 : 7144, 4, 2025/08/16, 12:04:04.603, 2232952206512, testhost.dll, TestPluginCache: Executors are 'executor://NUnit3TestExecutor'.
TpTrace Verbose: 0 : 7144, 4, 2025/08/16, 12:04:04.603, 2232952206881, testhost.dll, TestPluginCache: Executors2 are ''.
TpTrace Verbose: 0 : 7144, 4, 2025/08/16, 12:04:04.603, 2232952207031, testhost.dll, TestPluginCache: Setting providers are ''.
TpTrace Verbose: 0 : 7144, 4, 2025/08/16, 12:04:04.603, 2232952207208, testhost.dll, TestPluginCache: Loggers are ''.
TpTrace Verbose: 0 : 7144, 4, 2025/08/16, 12:04:04.603, 2232952207340, testhost.dll, TestPluginCache: TestHosts are ''.
TpTrace Verbose: 0 : 7144, 4, 2025/08/16, 12:04:04.603, 2232952207469, testhost.dll, TestPluginCache: DataCollectors are ''.
TpTrace Information: 0 : 7144, 4, 2025/08/16, 12:04:04.608, 2232952254348, testhost.dll, TestPluginManager.CreateTestExtension: Attempting to load test extension: NUnit.VisualStudio.TestAdapter.NUnit3TestExecutor
TpTrace Verbose: 0 : 7144, 4, 2025/08/16, 12:04:04.609, 2232952263730, testhost.dll, TestExecutorExtensionManager: Loading executor Microsoft.VisualStudio.TestPlatform.Common.ExtensionDecorators.SerialTestRunDecorator
TpTrace Verbose: 0 : 7144, 4, 2025/08/16, 12:04:04.609, 2232952264279, testhost.dll, TestExecutorService: Loaded the executors
TpTrace Verbose: 0 : 7144, 4, 2025/08/16, 12:04:04.610, 2232952268549, testhost.dll, TestPluginCache.DiscoverTestExtensions: finding test extensions in assemblies ends with: TestAdapter.dll TPluginInfo: Microsoft.VisualStudio.TestPlatform.Common.ExtensionFramework.Utilities.TestSettingsProviderPluginInformation TExtension: Microsoft.VisualStudio.TestPlatform.ObjectModel.Adapter.ISettingsProvider
TpTrace Verbose: 0 : 7144, 4, 2025/08/16, 12:04:04.610, 2232952269397, testhost.dll, TestPluginCache.GetExtensionPaths: Filtered extension paths: 
TpTrace Verbose: 0 : 7144, 4, 2025/08/16, 12:04:04.610, 2232952269693, testhost.dll, TestPluginCache.GetExtensionPaths: Added default extension paths: C:\Users\Dani\Desktop\StorySpoiler\StorySpoiler\bin\Debug\net8.0\fine-code-coverage\build-output\NUnit3.TestAdapter.dll
TpTrace Verbose: 0 : 7144, 4, 2025/08/16, 12:04:04.610, 2232952269840, testhost.dll, TestPluginCache.GetExtensionPaths: Added unfilterableExtensionPaths: 
TpTrace Information: 0 : 7144, 4, 2025/08/16, 12:04:04.610, 2232952270829, testhost.dll, AssemblyResolver.AddSearchDirectories: Adding more searchDirectories C:\Users\Dani\Desktop\StorySpoiler\StorySpoiler\bin\Debug\net8.0\fine-code-coverage\build-output
TpTrace Verbose: 0 : 7144, 4, 2025/08/16, 12:04:04.610, 2232952271380, testhost.dll, TestPluginCache.DiscoverTestExtensions: Discovering the extensions using extension path.
TpTrace Verbose: 0 : 7144, 4, 2025/08/16, 12:04:04.610, 2232952271592, testhost.dll, TestPluginCache.GetExtensionPaths: Filtered extension paths: 
TpTrace Verbose: 0 : 7144, 4, 2025/08/16, 12:04:04.610, 2232952271733, testhost.dll, TestPluginCache.GetExtensionPaths: Added default extension paths: C:\Users\Dani\Desktop\StorySpoiler\StorySpoiler\bin\Debug\net8.0\fine-code-coverage\build-output\NUnit3.TestAdapter.dll
TpTrace Verbose: 0 : 7144, 4, 2025/08/16, 12:04:04.610, 2232952271866, testhost.dll, TestPluginCache.GetExtensionPaths: Added unfilterableExtensionPaths: 
TpTrace Verbose: 0 : 7144, 4, 2025/08/16, 12:04:04.610, 2232952272032, testhost.dll, TestPluginCache.DiscoverTestExtensions: Discovering the extensions using allExtensionPaths: C:\Users\Dani\Desktop\StorySpoiler\StorySpoiler\bin\Debug\net8.0\fine-code-coverage\build-output\NUnit3.TestAdapter.dll
TpTrace Information: 0 : 7144, 4, 2025/08/16, 12:04:04.610, 2232952272369, testhost.dll, AssemblyResolver.AddSearchDirectories: Adding more searchDirectories C:\Users\Dani\Desktop\StorySpoiler\StorySpoiler\bin\Debug\net8.0\fine-code-coverage\build-output
TpTrace Verbose: 0 : 7144, 4, 2025/08/16, 12:04:04.610, 2232952272763, testhost.dll, MetadataReaderExtensionsHelper: Discovering extensions inside assembly 'NUnit3.TestAdapter, Version=4.5.0.0, Culture=neutral, PublicKeyToken=4cb40d35494691ac' file path 'C:\Users\Dani\Desktop\StorySpoiler\StorySpoiler\bin\Debug\net8.0\fine-code-coverage\build-output\NUnit3.TestAdapter.dll'
TpTrace Verbose: 0 : 7144, 4, 2025/08/16, 12:04:04.611, 2232952278782, testhost.dll, TestPluginCache: Discovered the extensions using extension path ''.
TpTrace Verbose: 0 : 7144, 4, 2025/08/16, 12:04:04.611, 2232952279245, testhost.dll, TestPluginCache: Discoverers are ''.
TpTrace Verbose: 0 : 7144, 4, 2025/08/16, 12:04:04.611, 2232952279437, testhost.dll, TestPluginCache: Executors are 'executor://NUnit3TestExecutor'.
TpTrace Verbose: 0 : 7144, 4, 2025/08/16, 12:04:04.611, 2232952279630, testhost.dll, TestPluginCache: Executors2 are ''.
TpTrace Verbose: 0 : 7144, 4, 2025/08/16, 12:04:04.611, 2232952279850, testhost.dll, TestPluginCache: Setting providers are ''.
TpTrace Verbose: 0 : 7144, 4, 2025/08/16, 12:04:04.611, 2232952279982, testhost.dll, TestPluginCache: Loggers are ''.
TpTrace Verbose: 0 : 7144, 4, 2025/08/16, 12:04:04.611, 2232952280114, testhost.dll, TestPluginCache: TestHosts are ''.
TpTrace Verbose: 0 : 7144, 4, 2025/08/16, 12:04:04.611, 2232952280243, testhost.dll, TestPluginCache: DataCollectors are ''.
TpTrace Verbose: 0 : 7144, 4, 2025/08/16, 12:04:04.611, 2232952284398, testhost.dll, TestExecutorService: Loaded the settings providers
TpTrace Information: 0 : 7144, 4, 2025/08/16, 12:04:04.611, 2232952284823, testhost.dll, TestExecutorService: Loaded the extensions
TpTrace Information: 0 : 7144, 4, 2025/08/16, 12:04:04.611, 2232952287642, testhost.dll, TestRequestHandler.OnMessageReceived: Running job 'TestExecution.StartWithSources'.
TpTrace Verbose: 0 : 7144, 4, 2025/08/16, 12:04:04.645, 2232952620465, testhost.dll, MulticastDelegateUtilities.SafeInvoke: TestCaseEventsHandler.RaiseSessionStart: Invoking callbacks was skipped because there are no subscribers.
TpTrace Information: 0 : 7144, 4, 2025/08/16, 12:04:04.646, 2232952634410, testhost.dll, TestDiscoveryManager: Discovering tests from sources C:\Users\Dani\Desktop\StorySpoiler\StorySpoiler\bin\Debug\net8.0\fine-code-coverage\build-output\StorySpoiler.dll
TpTrace Verbose: 0 : 7144, 4, 2025/08/16, 12:04:04.647, 2232952646783, testhost.dll, TestPluginCache.DiscoverTestExtensions: finding test extensions in assemblies ends with: TestAdapter.dll TPluginInfo: Microsoft.VisualStudio.TestPlatform.Common.ExtensionFramework.Utilities.TestDiscovererPluginInformation TExtension: Microsoft.VisualStudio.TestPlatform.ObjectModel.Adapter.ITestDiscoverer
TpTrace Verbose: 0 : 7144, 4, 2025/08/16, 12:04:04.648, 2232952647827, testhost.dll, TestPluginCache.GetExtensionPaths: Filtered extension paths: 
TpTrace Verbose: 0 : 7144, 4, 2025/08/16, 12:04:04.648, 2232952648034, testhost.dll, TestPluginCache.GetExtensionPaths: Added default extension paths: C:\Users\Dani\Desktop\StorySpoiler\StorySpoiler\bin\Debug\net8.0\fine-code-coverage\build-output\NUnit3.TestAdapter.dll
TpTrace Verbose: 0 : 7144, 4, 2025/08/16, 12:04:04.648, 2232952648184, testhost.dll, TestPluginCache.GetExtensionPaths: Added unfilterableExtensionPaths: 
TpTrace Information: 0 : 7144, 4, 2025/08/16, 12:04:04.648, 2232952649146, testhost.dll, AssemblyResolver.AddSearchDirectories: Adding more searchDirectories C:\Users\Dani\Desktop\StorySpoiler\StorySpoiler\bin\Debug\net8.0\fine-code-coverage\build-output
TpTrace Verbose: 0 : 7144, 4, 2025/08/16, 12:04:04.648, 2232952649396, testhost.dll, TestPluginCache.DiscoverTestExtensions: Discovering the extensions using extension path.
TpTrace Verbose: 0 : 7144, 4, 2025/08/16, 12:04:04.648, 2232952649556, testhost.dll, TestPluginCache.GetExtensionPaths: Filtered extension paths: 
TpTrace Verbose: 0 : 7144, 4, 2025/08/16, 12:04:04.648, 2232952649692, testhost.dll, TestPluginCache.GetExtensionPaths: Added default extension paths: C:\Users\Dani\Desktop\StorySpoiler\StorySpoiler\bin\Debug\net8.0\fine-code-coverage\build-output\NUnit3.TestAdapter.dll
TpTrace Verbose: 0 : 7144, 4, 2025/08/16, 12:04:04.648, 2232952649827, testhost.dll, TestPluginCache.GetExtensionPaths: Added unfilterableExtensionPaths: 
TpTrace Verbose: 0 : 7144, 4, 2025/08/16, 12:04:04.648, 2232952649977, testhost.dll, TestPluginCache.DiscoverTestExtensions: Discovering the extensions using allExtensionPaths: C:\Users\Dani\Desktop\StorySpoiler\StorySpoiler\bin\Debug\net8.0\fine-code-coverage\build-output\NUnit3.TestAdapter.dll
TpTrace Information: 0 : 7144, 4, 2025/08/16, 12:04:04.648, 2232952650236, testhost.dll, AssemblyResolver.AddSearchDirectories: Adding more searchDirectories C:\Users\Dani\Desktop\StorySpoiler\StorySpoiler\bin\Debug\net8.0\fine-code-coverage\build-output
TpTrace Verbose: 0 : 7144, 4, 2025/08/16, 12:04:04.648, 2232952650718, testhost.dll, MetadataReaderExtensionsHelper: Discovering extensions inside assembly 'NUnit3.TestAdapter, Version=4.5.0.0, Culture=neutral, PublicKeyToken=4cb40d35494691ac' file path 'C:\Users\Dani\Desktop\StorySpoiler\StorySpoiler\bin\Debug\net8.0\fine-code-coverage\build-output\NUnit3.TestAdapter.dll'
TpTrace Information: 0 : 7144, 4, 2025/08/16, 12:04:04.651, 2232952684215, testhost.dll, GetTestExtensionFromType: Register extension with identifier data 'NUnit.VisualStudio.TestAdapter.NUnit3TestDiscoverer, NUnit3.TestAdapter, Version=4.5.0.0, Culture=neutral, PublicKeyToken=4cb40d35494691ac' and type 'NUnit.VisualStudio.TestAdapter.NUnit3TestDiscoverer, NUnit3.TestAdapter, Version=4.5.0.0, Culture=neutral, PublicKeyToken=4cb40d35494691ac' inside file 'C:\Users\Dani\Desktop\StorySpoiler\StorySpoiler\bin\Debug\net8.0\fine-code-coverage\build-output\NUnit3.TestAdapter.dll'
TpTrace Verbose: 0 : 7144, 4, 2025/08/16, 12:04:04.651, 2232952685503, testhost.dll, TestPluginCache: Discovered the extensions using extension path ''.
TpTrace Verbose: 0 : 7144, 4, 2025/08/16, 12:04:04.651, 2232952685944, testhost.dll, TestPluginCache: Discoverers are 'NUnit.VisualStudio.TestAdapter.NUnit3TestDiscoverer, NUnit3.TestAdapter, Version=4.5.0.0, Culture=neutral, PublicKeyToken=4cb40d35494691ac'.
TpTrace Verbose: 0 : 7144, 4, 2025/08/16, 12:04:04.651, 2232952686115, testhost.dll, TestPluginCache: Executors are 'executor://NUnit3TestExecutor'.
TpTrace Verbose: 0 : 7144, 4, 2025/08/16, 12:04:04.651, 2232952686265, testhost.dll, TestPluginCache: Executors2 are ''.
TpTrace Verbose: 0 : 7144, 4, 2025/08/16, 12:04:04.651, 2232952686407, testhost.dll, TestPluginCache: Setting providers are ''.
TpTrace Verbose: 0 : 7144, 4, 2025/08/16, 12:04:04.651, 2232952686539, testhost.dll, TestPluginCache: Loggers are ''.
TpTrace Verbose: 0 : 7144, 4, 2025/08/16, 12:04:04.651, 2232952686670, testhost.dll, TestPluginCache: TestHosts are ''.
TpTrace Verbose: 0 : 7144, 4, 2025/08/16, 12:04:04.651, 2232952686797, testhost.dll, TestPluginCache: DataCollectors are ''.
TpTrace Information: 0 : 7144, 4, 2025/08/16, 12:04:04.654, 2232952709522, testhost.dll, PEReaderHelper.GetAssemblyType: Determined assemblyType:'Managed' for source: 'C:\Users\Dani\Desktop\StorySpoiler\StorySpoiler\bin\Debug\net8.0\fine-code-coverage\build-output\StorySpoiler.dll'
TpTrace Verbose: 0 : 7144, 4, 2025/08/16, 12:04:04.656, 2232952736390, testhost.dll, BaseRunTests.RunTestInternalWithExecutors: Running tests for executor://NUnit3TestExecutor
TpTrace Information: 0 : 7144, 4, 2025/08/16, 12:04:04.660, 2232952775335, testhost.dll, AssemblyResolver.OnResolve: nunit.engine: Resolving assembly.
TpTrace Information: 0 : 7144, 4, 2025/08/16, 12:04:04.660, 2232952776349, testhost.dll, AssemblyResolver.OnResolve: nunit.engine: Searching in: 'C:\Users\Dani\Desktop\StorySpoiler\StorySpoiler\bin\Debug\net8.0\fine-code-coverage\build-output'.
TpTrace Information: 0 : 7144, 4, 2025/08/16, 12:04:04.661, 2232952779015, testhost.dll, AssemblyResolver.OnResolve: nunit.engine: Loading assembly 'C:\Users\Dani\Desktop\StorySpoiler\StorySpoiler\bin\Debug\net8.0\fine-code-coverage\build-output\nunit.engine.dll'.
TpTrace Information: 0 : 7144, 4, 2025/08/16, 12:04:04.661, 2232952781778, testhost.dll, AssemblyResolver.OnResolve: Resolved assembly: nunit.engine, from path: C:\Users\Dani\Desktop\StorySpoiler\StorySpoiler\bin\Debug\net8.0\fine-code-coverage\build-output\nunit.engine.dll
TpTrace Information: 0 : 7144, 4, 2025/08/16, 12:04:04.661, 2232952782445, testhost.dll, AssemblyResolver.OnResolve: nunit.engine.core: Resolving assembly.
TpTrace Information: 0 : 7144, 4, 2025/08/16, 12:04:04.661, 2232952782682, testhost.dll, AssemblyResolver.OnResolve: nunit.engine.core: Searching in: 'C:\Users\Dani\Desktop\StorySpoiler\StorySpoiler\bin\Debug\net8.0\fine-code-coverage\build-output'.
TpTrace Information: 0 : 7144, 4, 2025/08/16, 12:04:04.661, 2232952784503, testhost.dll, AssemblyResolver.OnResolve: nunit.engine.core: Loading assembly 'C:\Users\Dani\Desktop\StorySpoiler\StorySpoiler\bin\Debug\net8.0\fine-code-coverage\build-output\nunit.engine.core.dll'.
TpTrace Information: 0 : 7144, 4, 2025/08/16, 12:04:04.661, 2232952787142, testhost.dll, AssemblyResolver.OnResolve: Resolved assembly: nunit.engine.core, from path: C:\Users\Dani\Desktop\StorySpoiler\StorySpoiler\bin\Debug\net8.0\fine-code-coverage\build-output\nunit.engine.core.dll
TpTrace Information: 0 : 7144, 4, 2025/08/16, 12:04:04.670, 2232952871134, testhost.dll, NUnit Adapter 4.5.0.0: Test execution started
TpTrace Verbose: 0 : 7144, 4, 2025/08/16, 12:04:04.670, 2232952872347, testhost.dll, TestRequestHandler.SendData: sending data from testhost: {"Version":7,"MessageType":"TestSession.Message","Payload":{"MessageLevel":0,"Message":"NUnit Adapter 4.5.0.0: Test execution started"}}
TpTrace Verbose: 0 : 7144, 4, 2025/08/16, 12:04:04.670, 2232952873709, testhost.dll, MulticastDelegateUtilities.SafeInvoke: TestRunMessageLoggerProxy.SendMessage: Invoking callback 1/1 for Microsoft.VisualStudio.TestPlatform.CrossPlatEngine.Execution.RunTestsWithSources., took 0 ms.
TpTrace Information: 0 : 7144, 4, 2025/08/16, 12:04:04.687, 2232953038968, testhost.dll, Running all tests in C:\Users\Dani\Desktop\StorySpoiler\StorySpoiler\bin\Debug\net8.0\fine-code-coverage\build-output\StorySpoiler.dll
TpTrace Verbose: 0 : 7144, 4, 2025/08/16, 12:04:04.687, 2232953040254, testhost.dll, TestRequestHandler.SendData: sending data from testhost: {"Version":7,"MessageType":"TestSession.Message","Payload":{"MessageLevel":0,"Message":"Running all tests in C:\\Users\\Dani\\Desktop\\StorySpoiler\\StorySpoiler\\bin\\Debug\\net8.0\\fine-code-coverage\\build-output\\StorySpoiler.dll"}}
TpTrace Verbose: 0 : 7144, 4, 2025/08/16, 12:04:04.687, 2232953041528, testhost.dll, MulticastDelegateUtilities.SafeInvoke: TestRunMessageLoggerProxy.SendMessage: Invoking callback 1/1 for Microsoft.VisualStudio.TestPlatform.CrossPlatEngine.Execution.RunTestsWithSources., took 0 ms.
TpTrace Information: 0 : 7144, 4, 2025/08/16, 12:04:04.702, 2232953190836, testhost.dll, AssemblyResolver.OnResolve: testcentric.engine.metadata: Resolving assembly.
TpTrace Information: 0 : 7144, 4, 2025/08/16, 12:04:04.702, 2232953191969, testhost.dll, AssemblyResolver.OnResolve: testcentric.engine.metadata: Searching in: 'C:\Users\Dani\Desktop\StorySpoiler\StorySpoiler\bin\Debug\net8.0\fine-code-coverage\build-output'.
TpTrace Information: 0 : 7144, 4, 2025/08/16, 12:04:04.702, 2232953194723, testhost.dll, AssemblyResolver.OnResolve: testcentric.engine.metadata: Loading assembly 'C:\Users\Dani\Desktop\StorySpoiler\StorySpoiler\bin\Debug\net8.0\fine-code-coverage\build-output\testcentric.engine.metadata.dll'.
TpTrace Information: 0 : 7144, 4, 2025/08/16, 12:04:04.703, 2232953198390, testhost.dll, AssemblyResolver.OnResolve: Resolved assembly: testcentric.engine.metadata, from path: C:\Users\Dani\Desktop\StorySpoiler\StorySpoiler\bin\Debug\net8.0\fine-code-coverage\build-output\testcentric.engine.metadata.dll
TpTrace Information: 0 : 7144, 4, 2025/08/16, 12:04:04.773, 2232953902464, testhost.dll,    NUnit3TestExecutor discovered 7 of 7 NUnit test cases using Current Discovery mode, Non-Explicit run
TpTrace Verbose: 0 : 7144, 4, 2025/08/16, 12:04:04.773, 2232953903886, testhost.dll, TestRequestHandler.SendData: sending data from testhost: {"Version":7,"MessageType":"TestSession.Message","Payload":{"MessageLevel":0,"Message":"   NUnit3TestExecutor discovered 7 of 7 NUnit test cases using Current Discovery mode, Non-Explicit run"}}
TpTrace Verbose: 0 : 7144, 4, 2025/08/16, 12:04:04.773, 2232953905165, testhost.dll, MulticastDelegateUtilities.SafeInvoke: TestRunMessageLoggerProxy.SendMessage: Invoking callback 1/1 for Microsoft.VisualStudio.TestPlatform.CrossPlatEngine.Execution.RunTestsWithSources., took 0 ms.
TpTrace Verbose: 0 : 7144, 10, 2025/08/16, 12:04:05.595, 2232962122802, testhost.dll, TcpClientExtensions.MessageLoopAsync: Polling on remoteEndPoint: [::ffff:127.0.0.1]:58405 localEndPoint: [::ffff:127.0.0.1]:58407
TpTrace Verbose: 0 : 7144, 14, 2025/08/16, 12:04:06.206, 2232968230532, testhost.dll, TestExecutionRecorder.RecordStart: Starting test: StorySpoiler.StorySpoilerTests.CreateStory_ShouldReturnCreated.
TpTrace Information: 0 : 7144, 14, 2025/08/16, 12:04:06.207, 2232968246244, testhost.dll, Sending test run statistics
TpTrace Verbose: 0 : 7144, 14, 2025/08/16, 12:04:06.233, 2232968506687, testhost.dll, TestRequestHandler.SendData: sending data from testhost: {"Version":7,"MessageType":"TestExecution.StatsChange","Payload":{"NewTestResults":[],"TestRunStatistics":{"ExecutedTests":0,"Stats":{}},"ActiveTests":[{"Id":"7a821795-eb39-ffd0-b6b4-ef852c4f65d7","FullyQualifiedName":"StorySpoiler.StorySpoilerTests.CreateStory_ShouldReturnCreated","DisplayName":"CreateStory_ShouldReturnCreated","ExecutorUri":"executor://NUnit3TestExecutor","Source":"C:\\Users\\Dani\\Desktop\\StorySpoiler\\StorySpoiler\\bin\\Debug\\net8.0\\fine-code-coverage\\build-output\\StorySpoiler.dll","CodeFilePath":null,"LineNumber":0,"Properties":[{"Key":{"Id":"NUnit.Seed","Label":"Seed","Category":"","Description":"","Attributes":0,"ValueType":"System.String"},"Value":"344641879"}]}]}}
TpTrace Verbose: 0 : 7144, 14, 2025/08/16, 12:04:06.234, 2232968508790, testhost.dll, TestRunCache: OnNewTestResult: Notified the onCacheHit callback.
TpTrace Verbose: 0 : 7144, 14, 2025/08/16, 12:04:06.252, 2232968696023, testhost.dll, MulticastDelegateUtilities.SafeInvoke: TestCaseEventsHandler.RaiseTestCaseStart: Invoking callback 1/1 for Microsoft.VisualStudio.TestPlatform.CrossPlatEngine.DataCollection.ProxyOutOfProcDataCollectionManager., took 17 ms.
TpTrace Verbose: 0 : 7144, 14, 2025/08/16, 12:04:06.377, 2232969942823, testhost.dll, TestExecutionRecorder.RecordEnd: test: StorySpoiler.StorySpoilerTests.CreateStory_ShouldReturnCreated execution completed.
TpTrace Warning: 0 : 7144, 14, 2025/08/16, 12:04:06.377, 2232969946272, testhost.dll, TestRunCache: InProgressTests is null
TpTrace Verbose: 0 : 7144, 14, 2025/08/16, 12:04:06.386, 2232970030223, testhost.dll, MulticastDelegateUtilities.SafeInvoke: TestCaseEventsHandler.RaiseTestCaseEnd: Invoking callback 1/1 for Microsoft.VisualStudio.TestPlatform.CrossPlatEngine.DataCollection.ProxyOutOfProcDataCollectionManager., took 8 ms.
TpTrace Verbose: 0 : 7144, 14, 2025/08/16, 12:04:06.386, 2232970035625, testhost.dll, TestExecutionRecorder.RecordResult: Received result for test: StorySpoiler.StorySpoilerTests.CreateStory_ShouldReturnCreated.
TpTrace Verbose: 0 : 7144, 14, 2025/08/16, 12:04:06.387, 2232970042730, testhost.dll, MulticastDelegateUtilities.SafeInvoke: TestCaseEventsHandler.RaiseTestCaseEnd: Invoking callback 1/1 for Microsoft.VisualStudio.TestPlatform.CrossPlatEngine.DataCollection.ProxyOutOfProcDataCollectionManager., took 0 ms.
TpTrace Warning: 0 : 7144, 14, 2025/08/16, 12:04:06.388, 2232970055846, testhost.dll, TestRunCache: InProgressTests is null
TpTrace Warning: 0 : 7144, 14, 2025/08/16, 12:04:06.388, 2232970057052, testhost.dll, TestRunCache: No test found corresponding to testResult 'CreateStory_ShouldReturnCreated' in inProgress list.
TpTrace Verbose: 0 : 7144, 14, 2025/08/16, 12:04:06.389, 2232970058954, testhost.dll, TestExecutionRecorder.RecordStart: Starting test: StorySpoiler.StorySpoilerTests.EditStory_ShouldReturnOk.
TpTrace Verbose: 0 : 7144, 14, 2025/08/16, 12:04:06.390, 2232970076527, testhost.dll, MulticastDelegateUtilities.SafeInvoke: TestCaseEventsHandler.RaiseTestCaseStart: Invoking callback 1/1 for Microsoft.VisualStudio.TestPlatform.CrossPlatEngine.DataCollection.ProxyOutOfProcDataCollectionManager., took 1 ms.
